# JRE version: Java(TM) SE Runtime Environment (8.0_121-b13) (build 1.8.0_121-b13)
# Java VM: Java HotSpot(TM) 64-Bit Server VM (25.121-b13 mixed mode bsd-amd64 compressed oops)
Heap:
 PSYoungGen      total 61440K, used 54409K [0x0000000795580000, 0x000000079a700000, 0x00000007c0000000)
  eden space 53248K, 87% used [0x0000000795580000,0x00000007982e97b8,0x0000000798980000)
  from space 8192K, 96% used [0x0000000799f00000,0x000000079a6b8e98,0x000000079a700000)
  to   space 9216K, 0% used [0x0000000799500000,0x0000000799500000,0x0000000799e00000)
 ParOldGen       total 55296K, used 6472K [0x0000000740000000, 0x0000000743600000, 0x0000000795580000)
  object space 55296K, 11% used [0x0000000740000000,0x00000007406522e0,0x0000000743600000)
 Metaspace       used 31280K, capacity 31528K, committed 31744K, reserved 1077248K
  class space    used 3712K, capacity 3801K, committed 3840K, reserved 1048576K
GC Heap History (10 events):
Event: 2.466 GC heap before
{Heap before GC invocations=3 (full 0):
 PSYoungGen      total 38400K, used 38381K [0x0000000795580000, 0x0000000798000000, 0x00000007c0000000)
  eden space 33280K, 100% used [0x0000000795580000,0x0000000797600000,0x0000000797600000)
  from space 5120K, 99% used [0x0000000797b00000,0x0000000797ffb6b0,0x0000000798000000)
  to   space 5120K, 0% used [0x0000000797600000,0x0000000797600000,0x0000000797b00000)
 ParOldGen       total 87552K, used 1818K [0x0000000740000000, 0x0000000745580000, 0x0000000795580000)
  object space 87552K, 2% used [0x0000000740000000,0x00000007401c6898,0x0000000745580000)
 Metaspace       used 18298K, capacity 18528K, committed 18688K, reserved 1064960K
  class space    used 2240K, capacity 2274K, committed 2304K, reserved 1048576K
Event: 2.476 GC heap after
Heap after GC invocations=3 (full 0):
 PSYoungGen      total 38400K, used 5112K [0x0000000795580000, 0x0000000798000000, 0x00000007c0000000)
  eden space 33280K, 0% used [0x0000000795580000,0x0000000795580000,0x0000000797600000)
  from space 5120K, 99% used [0x0000000797600000,0x0000000797afe370,0x0000000797b00000)
  to   space 5120K, 0% used [0x0000000797b00000,0x0000000797b00000,0x0000000798000000)
 ParOldGen       total 87552K, used 4160K [0x0000000740000000, 0x0000000745580000, 0x0000000795580000)
  object space 87552K, 4% used [0x0000000740000000,0x00000007404102a0,0x0000000745580000)
 Metaspace       used 18298K, capacity 18528K, committed 18688K, reserved 1064960K
  class space    used 2240K, capacity 2274K, committed 2304K, reserved 1048576K
}
Event: 2.889 GC heap before
{Heap before GC invocations=4 (full 0):
 PSYoungGen      total 38400K, used 38392K [0x0000000795580000, 0x0000000798000000, 0x00000007c0000000)
  eden space 33280K, 100% used [0x0000000795580000,0x0000000797600000,0x0000000797600000)
  from space 5120K, 99% used [0x0000000797600000,0x0000000797afe370,0x0000000797b00000)
  to   space 5120K, 0% used [0x0000000797b00000,0x0000000797b00000,0x0000000798000000)
 ParOldGen       total 87552K, used 4160K [0x0000000740000000, 0x0000000745580000, 0x0000000795580000)
  object space 87552K, 4% used [0x0000000740000000,0x00000007404102a0,0x0000000745580000)
 Metaspace       used 19746K, capacity 20044K, committed 20224K, reserved 1067008K
  class space    used 2449K, capacity 2500K, committed 2560K, reserved 1048576K
Event: 2.898 GC heap after
Heap after GC invocations=4 (full 0):
 PSYoungGen      total 38400K, used 5104K [0x0000000795580000, 0x000000079a080000, 0x00000007c0000000)
  eden space 33280K, 0% used [0x0000000795580000,0x0000000795580000,0x0000000797600000)
  from space 5120K, 99% used [0x0000000797b00000,0x0000000797ffc090,0x0000000798000000)
  to   space 5120K, 0% used [0x0000000797600000,0x0000000797600000,0x0000000797b00000)
 ParOldGen       total 87552K, used 5230K [0x0000000740000000, 0x0000000745580000, 0x0000000795580000)
  object space 87552K, 5% used [0x0000000740000000,0x000000074051bbd0,0x0000000745580000)
 Metaspace       used 19746K, capacity 20044K, committed 20224K, reserved 1067008K
  class space    used 2449K, capacity 2500K, committed 2560K, reserved 1048576K
}
Event: 3.356 GC heap before
{Heap before GC invocations=5 (full 0):
 PSYoungGen      total 38400K, used 38305K [0x0000000795580000, 0x000000079a080000, 0x00000007c0000000)
  eden space 33280K, 99% used [0x0000000795580000,0x00000007975ec650,0x0000000797600000)
  from space 5120K, 99% used [0x0000000797b00000,0x0000000797ffc090,0x0000000798000000)
  to   space 5120K, 0% used [0x0000000797600000,0x0000000797600000,0x0000000797b00000)
 ParOldGen       total 87552K, used 5230K [0x0000000740000000, 0x0000000745580000, 0x0000000795580000)
  object space 87552K, 5% used [0x0000000740000000,0x000000074051bbd0,0x0000000745580000)
 Metaspace       used 20864K, capacity 21066K, committed 21296K, reserved 1069056K
  class space    used 2566K, capacity 2601K, committed 2688K, reserved 1048576K
Event: 3.379 GC heap after
Heap after GC invocations=5 (full 0):
 PSYoungGen      total 38400K, used 5117K [0x0000000795580000, 0x000000079a780000, 0x00000007c0000000)
  eden space 33280K, 0% used [0x0000000795580000,0x0000000795580000,0x0000000797600000)
  from space 5120K, 99% used [0x0000000797600000,0x0000000797aff608,0x0000000797b00000)
  to   space 8704K, 0% used [0x0000000799f00000,0x0000000799f00000,0x000000079a780000)
 ParOldGen       total 87552K, used 6528K [0x0000000740000000, 0x0000000745580000, 0x0000000795580000)
  object space 87552K, 7% used [0x0000000740000000,0x00000007406602d0,0x0000000745580000)
 Metaspace       used 20864K, capacity 21066K, committed 21296K, reserved 1069056K
  class space    used 2566K, capacity 2601K, committed 2688K, reserved 1048576K
}
Event: 3.379 GC heap before
{Heap before GC invocations=6 (full 1):
 PSYoungGen      total 38400K, used 5117K [0x0000000795580000, 0x000000079a780000, 0x00000007c0000000)
  eden space 33280K, 0% used [0x0000000795580000,0x0000000795580000,0x0000000797600000)
  from space 5120K, 99% used [0x0000000797600000,0x0000000797aff608,0x0000000797b00000)
  to   space 8704K, 0% used [0x0000000799f00000,0x0000000799f00000,0x000000079a780000)
 ParOldGen       total 87552K, used 6528K [0x0000000740000000, 0x0000000745580000, 0x0000000795580000)
  object space 87552K, 7% used [0x0000000740000000,0x00000007406602d0,0x0000000745580000)
 Metaspace       used 20864K, capacity 21066K, committed 21296K, reserved 1069056K
  class space    used 2566K, capacity 2601K, committed 2688K, reserved 1048576K
Event: 3.421 GC heap after
Heap after GC invocations=6 (full 1):
 PSYoungGen      total 38400K, used 0K [0x0000000795580000, 0x000000079a780000, 0x00000007c0000000)
  eden space 33280K, 0% used [0x0000000795580000,0x0000000795580000,0x0000000797600000)
  from space 5120K, 0% used [0x0000000797600000,0x0000000797600000,0x0000000797b00000)
  to   space 8704K, 0% used [0x0000000799f00000,0x0000000799f00000,0x000000079a780000)
 ParOldGen       total 55296K, used 6472K [0x0000000740000000, 0x0000000743600000, 0x0000000795580000)
  object space 55296K, 11% used [0x0000000740000000,0x00000007406522e0,0x0000000743600000)
 Metaspace       used 20864K, capacity 21066K, committed 21296K, reserved 1069056K
  class space    used 2566K, capacity 2601K, committed 2688K, reserved 1048576K
}
Event: 3.975 GC heap before
{Heap before GC invocations=7 (full 1):
 PSYoungGen      total 38400K, used 33280K [0x0000000795580000, 0x000000079a780000, 0x00000007c0000000)
  eden space 33280K, 100% used [0x0000000795580000,0x0000000797600000,0x0000000797600000)
  from space 5120K, 0% used [0x0000000797600000,0x0000000797600000,0x0000000797b00000)
  to   space 8704K, 0% used [0x0000000799f00000,0x0000000799f00000,0x000000079a780000)
 ParOldGen       total 55296K, used 6472K [0x0000000740000000, 0x0000000743600000, 0x0000000795580000)
  object space 55296K, 11% used [0x0000000740000000,0x00000007406522e0,0x0000000743600000)
 Metaspace       used 24696K, capacity 24924K, committed 25088K, reserved 1071104K
  class space    used 3027K, capacity 3052K, committed 3072K, reserved 1048576K
Event: 3.983 GC heap after
Heap after GC invocations=7 (full 1):
 PSYoungGen      total 61440K, used 7907K [0x0000000795580000, 0x000000079a700000, 0x00000007c0000000)
  eden space 53248K, 0% used [0x0000000795580000,0x0000000795580000,0x0000000798980000)
  from space 8192K, 96% used [0x0000000799f00000,0x000000079a6b8e98,0x000000079a700000)
  to   space 9216K, 0% used [0x0000000799500000,0x0000000799500000,0x0000000799e00000)
 ParOldGen       total 55296K, used 6472K [0x0000000740000000, 0x0000000743600000, 0x0000000795580000)
  object space 55296K, 11% used [0x0000000740000000,0x00000007406522e0,0x0000000743600000)
 Metaspace       used 24696K, capacity 24924K, committed 25088K, reserved 1071104K
  class space    used 3027K, capacity 3052K, committed 3072K, reserved 1048576K
}

